#
# There is insufficient memory for the Java Runtime Environment to continue.
# Native memory allocation (mmap) failed to map 72876032 bytes for committing reserved memory.
# Possible reasons:
#   The system is out of physical RAM or swap space
#   In 32 bit mode, the process size limit was hit
# Possible solutions:
#   Reduce memory load on the system
#   Increase physical memory or swap space
#   Check if swap backing store is full
#   Use 64 bit Java on a 64 bit OS
#   Decrease Java heap size (-Xmx/-Xms)
#   Decrease number of Java threads
#   Decrease Java thread stack sizes (-Xss)
#   Set larger code cache with -XX:ReservedCodeCacheSize=
# This output file may be truncated or incomplete.
#
#  Out of Memory Error (os_linux.cpp:2627), pid=3921, tid=140577696884480
#
# JRE version: Java(TM) SE Runtime Environment (8.0_91-b14) (build 1.8.0_91-b14)
# Java VM: Java HotSpot(TM) 64-Bit Server VM (25.91-b14 mixed mode linux-amd64 compressed oops)
# Failed to write core dump. Core dumps have been disabled. To enable core dumping, try "ulimit -c unlimited" before starting Java again
#

---------------  T H R E A D  ---------------

Current thread (0x00007fdaf0087800):  VMThread [stack: 0x00007fdacb9fa000,0x00007fdacbafb000] [id=3932]

Stack: [0x00007fdacb9fa000,0x00007fdacbafb000],  sp=0x00007fdacbaf92e0,  free space=1020k
Native frames: (J=compiled Java code, j=interpreted, Vv=VM code, C=native code)
V  [libjvm.so+0xabc18a]  VMError::report_and_die()+0x2ba
V  [libjvm.so+0x4fafeb]  report_vm_out_of_memory(char const*, int, unsigned long, VMErrorType, char const*)+0x8b
V  [libjvm.so+0x91cbb3]  os::Linux::commit_memory_impl(char*, unsigned long, bool)+0x103
V  [libjvm.so+0x91d109]  os::pd_commit_memory(char*, unsigned long, unsigned long, bool)+0x29
V  [libjvm.so+0x91740a]  os::commit_memory(char*, unsigned long, unsigned long, bool)+0x2a
V  [libjvm.so+0x98b033]  PSVirtualSpace::expand_by(unsigned long)+0x53
V  [libjvm.so+0x97b920]  PSOldGen::expand(unsigned long)+0x170
V  [libjvm.so+0x97bb2b]  PSOldGen::resize(unsigned long)+0x1cb
V  [libjvm.so+0x983801]  PSParallelCompact::invoke_no_policy(bool)+0x991
V  [libjvm.so+0x98915d]  PSScavenge::invoke()+0x1ad
V  [libjvm.so+0x9408b0]  ParallelScavengeHeap::failed_mem_allocate(unsigned long)+0x70
V  [libjvm.so+0xabdba7]  VM_ParallelGCFailedAllocation::doit()+0x97
V  [libjvm.so+0xac55d5]  VM_Operation::evaluate()+0x55
V  [libjvm.so+0xac39aa]  VMThread::evaluate_operation(VM_Operation*)+0xba
V  [libjvm.so+0xac3d2e]  VMThread::loop()+0x1ce
V  [libjvm.so+0xac41a0]  VMThread::run()+0x70
V  [libjvm.so+0x91ef78]  java_start(Thread*)+0x108

VM_Operation (0x00007fda83dfe350): ParallelGCFailedAllocation, mode: safepoint, requested by thread 0x00007fdaf0a08800


---------------  P R O C E S S  ---------------

Java Threads: ( => current thread )
  0x00007fdaf0a07000 JavaThread "ForkJoinPool-2-worker-2" daemon [_thread_blocked, id=3948, stack(0x00007fda83bfe000,0x00007fda83cff000)]
  0x00007fdaf0a08800 JavaThread "ForkJoinPool-2-worker-1" daemon [_thread_blocked, id=3947, stack(0x00007fda83cff000,0x00007fda83e00000)]
  0x00007fdaf10fa800 JavaThread "pool-2-thread-1" [_thread_blocked, id=3945, stack(0x00007fdac99a1000,0x00007fdac9aa2000)]
  0x00007fdaf10aa000 JavaThread "RxCachedWorkerPoolEvictor-1" daemon [_thread_blocked, id=3944, stack(0x00007fdac9d3e000,0x00007fdac9e3f000)]
  0x00007fdaf0113000 JavaThread "Monitor Ctrl-Break" daemon [_thread_in_native, id=3942, stack(0x00007fdaca5a2000,0x00007fdaca6a3000)]
  0x00007fdaf00db800 JavaThread "Service Thread" daemon [_thread_blocked, id=3940, stack(0x00007fdaca9a6000,0x00007fdacaaa7000)]
  0x00007fdaf00d0800 JavaThread "C1 CompilerThread3" daemon [_thread_blocked, id=3939, stack(0x00007fdacaaa7000,0x00007fdacaba8000)]
  0x00007fdaf00ce000 JavaThread "C2 CompilerThread2" daemon [_thread_blocked, id=3938, stack(0x00007fdacaba8000,0x00007fdacaca9000)]
  0x00007fdaf00cc800 JavaThread "C2 CompilerThread1" daemon [_thread_blocked, id=3937, stack(0x00007fdacaca9000,0x00007fdacadaa000)]
  0x00007fdaf00c9800 JavaThread "C2 CompilerThread0" daemon [_thread_blocked, id=3936, stack(0x00007fdacadaa000,0x00007fdacaeab000)]
  0x00007fdaf00c8000 JavaThread "Signal Dispatcher" daemon [_thread_blocked, id=3935, stack(0x00007fdacaeab000,0x00007fdacafac000)]
  0x00007fdaf0094000 JavaThread "Finalizer" daemon [_thread_blocked, id=3934, stack(0x00007fdacb7f8000,0x00007fdacb8f9000)]
  0x00007fdaf008f800 JavaThread "Reference Handler" daemon [_thread_blocked, id=3933, stack(0x00007fdacb8f9000,0x00007fdacb9fa000)]
  0x00007fdaf0011800 JavaThread "main" [_thread_blocked, id=3922, stack(0x00007fdaf81b6000,0x00007fdaf82b7000)]

Other Threads:
=>0x00007fdaf0087800 VMThread [stack: 0x00007fdacb9fa000,0x00007fdacbafb000] [id=3932]
  0x00007fdaf00de800 WatcherThread [stack: 0x00007fdaca8a5000,0x00007fdaca9a6000] [id=3941]

VM state:at safepoint (normal execution)

VM Mutex/Monitor currently owned by a thread:  ([mutex/lock_event])
[0x00007fdaf000d6c0] ExpandHeap_lock - owner thread: 0x00007fdaf0087800
[0x00007fdaf000dd40] Threads_lock - owner thread: 0x00007fdaf0087800
[0x00007fdaf000e240] Heap_lock - owner thread: 0x00007fdaf0a08800

Heap:
 PSYoungGen      total 474112K, used 12667K [0x00000000e1800000, 0x0000000100000000, 0x0000000100000000)
  eden space 452096K, 0% used [0x00000000e1800000,0x00000000e1800000,0x00000000fd180000)
  from space 22016K, 57% used [0x00000000fd180000,0x00000000fdddec00,0x00000000fe700000)
  to   space 25600K, 0% used [0x00000000fe700000,0x00000000fe700000,0x0000000100000000)
 ParOldGen       total 59392K, used 59190K [0x00000000a4800000, 0x00000000a8200000, 0x00000000e1800000)
  object space 59392K, 99% used [0x00000000a4800000,0x00000000a81cd8f0,0x00000000a8200000)
 Metaspace       used 26936K, capacity 28574K, committed 28800K, reserved 1075200K
  class space    used 2884K, capacity 3456K, committed 3456K, reserved 1048576K

Card table byte_map: [0x00007fdaf4c99000,0x00007fdaf4f76000] byte_map_base: 0x00007fdaf4775000

Marking Bits: (ParMarkBitMap*) 0x00007fdaf768bd60
 Begin Bits: [0x00007fdad9240000, 0x00007fdada920000)
 End Bits:   [0x00007fdada920000, 0x00007fdadc000000)

Polling page: 0x00007fdaf82d4000

CodeCache: size=245760Kb used=14238Kb max_used=14750Kb free=231521Kb
 bounds [0x00007fdae1000000, 0x00007fdae1e80000, 0x00007fdaf0000000]
 total_blobs=4189 nmethods=3654 adapters=447
 compilation: enabled

Compilation events (10 events):
Event: 7,466 Thread 0x00007fdaf00ce000 nmethod 4210 0x00007fdae16bd050 code [0x00007fdae16bd300, 0x00007fdae16bda38]
Event: 7,466 Thread 0x00007fdaf00ce000 4221       4       com.sun.org.apache.xerces.internal.impl.XMLDocumentScannerImpl::refresh (71 bytes)
Event: 7,473 Thread 0x00007fdaf00ce000 nmethod 4221 0x00007fdae1916310 code [0x00007fdae1916480, 0x00007fdae19168c8]
Event: 7,473 Thread 0x00007fdaf00ce000 4207       4       java.io.UnixFileSystem::getBooleanAttributes (49 bytes)
Event: 7,480 Thread 0x00007fdaf00cc800 nmethod 4211 0x00007fdae1810250 code [0x00007fdae1810420, 0x00007fdae1810ef8]
Event: 7,481 Thread 0x00007fdaf00d0800 4225       3       org.robolectric.res.FileFsFile::getBaseName (27 bytes)
Event: 7,482 Thread 0x00007fdaf00d0800 nmethod 4225 0x00007fdae16b50d0 code [0x00007fdae16b5280, 0x00007fdae16b57c8]
Event: 7,482 Thread 0x00007fdaf00d0800 4226       3       java.io.File::isDirectory (43 bytes)
Event: 7,483 Thread 0x00007fdaf00d0800 nmethod 4226 0x00007fdae13d2b90 code [0x00007fdae13d2d40, 0x00007fdae13d31a8]
Event: 7,484 Thread 0x00007fdaf00ce000 nmethod 4207 0x00007fdae156c050 code [0x00007fdae156c1e0, 0x00007fdae156c7c8]

GC Heap History (10 events):
Event: 3,293 GC heap after
Heap after GC invocations=8 (full 1):
 PSYoungGen      total 206336K, used 0K [0x00000000e1800000, 0x00000000faa00000, 0x0000000100000000)
  eden space 192512K, 0% used [0x00000000e1800000,0x00000000e1800000,0x00000000ed400000)
  from space 13824K, 0% used [0x00000000ed400000,0x00000000ed400000,0x00000000ee180000)
  to   space 13312K, 0% used [0x00000000f9d00000,0x00000000f9d00000,0x00000000faa00000)
 ParOldGen       total 59392K, used 19217K [0x00000000a4800000, 0x00000000a8200000, 0x00000000e1800000)
  object space 59392K, 32% used [0x00000000a4800000,0x00000000a5ac44e8,0x00000000a8200000)
 Metaspace       used 20311K, capacity 21218K, committed 21296K, reserved 1069056K
  class space    used 2055K, capacity 2414K, committed 2432K, reserved 1048576K
}
Event: 4,626 GC heap before
{Heap before GC invocations=9 (full 1):
 PSYoungGen      total 206336K, used 192512K [0x00000000e1800000, 0x00000000faa00000, 0x0000000100000000)
  eden space 192512K, 100% used [0x00000000e1800000,0x00000000ed400000,0x00000000ed400000)
  from space 13824K, 0% used [0x00000000ed400000,0x00000000ed400000,0x00000000ee180000)
  to   space 13312K, 0% used [0x00000000f9d00000,0x00000000f9d00000,0x00000000faa00000)
 ParOldGen       total 59392K, used 19217K [0x00000000a4800000, 0x00000000a8200000, 0x00000000e1800000)
  object space 59392K, 32% used [0x00000000a4800000,0x00000000a5ac44e8,0x00000000a8200000)
 Metaspace       used 25895K, capacity 27322K, committed 27392K, reserved 1073152K
  class space    used 2752K, capacity 3282K, committed 3328K, reserved 1048576K
Event: 4,663 GC heap after
Heap after GC invocations=9 (full 1):
 PSYoungGen      total 334336K, used 9215K [0x00000000e1800000, 0x00000000fa600000, 0x0000000100000000)
  eden space 325120K, 0% used [0x00000000e1800000,0x00000000e1800000,0x00000000f5580000)
  from space 9216K, 99% used [0x00000000f9d00000,0x00000000fa5ffee0,0x00000000fa600000)
  to   space 13824K, 0% used [0x00000000f8b00000,0x00000000f8b00000,0x00000000f9880000)
 ParOldGen       total 59392K, used 19225K [0x00000000a4800000, 0x00000000a8200000, 0x00000000e1800000)
  object space 59392K, 32% used [0x00000000a4800000,0x00000000a5ac64e8,0x00000000a8200000)
 Metaspace       used 25895K, capacity 27322K, committed 27392K, reserved 1073152K
  class space    used 2752K, capacity 3282K, committed 3328K, reserved 1048576K
}
Event: 5,581 GC heap before
{Heap before GC invocations=10 (full 1):
 PSYoungGen      total 334336K, used 334335K [0x00000000e1800000, 0x00000000fa600000, 0x0000000100000000)
  eden space 325120K, 100% used [0x00000000e1800000,0x00000000f5580000,0x00000000f5580000)
  from space 9216K, 99% used [0x00000000f9d00000,0x00000000fa5ffee0,0x00000000fa600000)
  to   space 13824K, 0% used [0x00000000f8b00000,0x00000000f8b00000,0x00000000f9880000)
 ParOldGen       total 59392K, used 19225K [0x00000000a4800000, 0x00000000a8200000, 0x00000000e1800000)
  object space 59392K, 32% used [0x00000000a4800000,0x00000000a5ac64e8,0x00000000a8200000)
 Metaspace       used 25925K, capacity 27322K, committed 27392K, reserved 1073152K
  class space    used 2752K, capacity 3282K, committed 3328K, reserved 1048576K
Event: 5,608 GC heap after
Heap after GC invocations=10 (full 1):
 PSYoungGen      total 393728K, used 13822K [0x00000000e1800000, 0x00000000ff780000, 0x0000000100000000)
  eden space 379904K, 0% used [0x00000000e1800000,0x00000000e1800000,0x00000000f8b00000)
  from space 13824K, 99% used [0x00000000f8b00000,0x00000000f987fb60,0x00000000f9880000)
  to   space 16896K, 0% used [0x00000000fe700000,0x00000000fe700000,0x00000000ff780000)
 ParOldGen       total 59392K, used 22528K [0x00000000a4800000, 0x00000000a8200000, 0x00000000e1800000)
  object space 59392K, 37% used [0x00000000a4800000,0x00000000a5e001e0,0x00000000a8200000)
 Metaspace       used 25925K, capacity 27322K, committed 27392K, reserved 1073152K
  class space    used 2752K, capacity 3282K, committed 3328K, reserved 1048576K
}
Event: 6,284 GC heap before
{Heap before GC invocations=11 (full 1):
 PSYoungGen      total 393728K, used 393726K [0x00000000e1800000, 0x00000000ff780000, 0x0000000100000000)
  eden space 379904K, 100% used [0x00000000e1800000,0x00000000f8b00000,0x00000000f8b00000)
  from space 13824K, 99% used [0x00000000f8b00000,0x00000000f987fb60,0x00000000f9880000)
  to   space 16896K, 0% used [0x00000000fe700000,0x00000000fe700000,0x00000000ff780000)
 ParOldGen       total 59392K, used 22528K [0x00000000a4800000, 0x00000000a8200000, 0x00000000e1800000)
  object space 59392K, 37% used [0x00000000a4800000,0x00000000a5e001e0,0x00000000a8200000)
 Metaspace       used 25952K, capacity 27322K, committed 27392K, reserved 1073152K
  class space    used 2752K, capacity 3282K, committed 3328K, reserved 1048576K
Event: 6,317 GC heap after
Heap after GC invocations=11 (full 1):
 PSYoungGen      total 468992K, used 16867K [0x00000000e1800000, 0x0000000100000000, 0x0000000100000000)
  eden space 452096K, 0% used [0x00000000e1800000,0x00000000e1800000,0x00000000fd180000)
  from space 16896K, 99% used [0x00000000fe700000,0x00000000ff778cd8,0x00000000ff780000)
  to   space 22016K, 0% used [0x00000000fd180000,0x00000000fd180000,0x00000000fe700000)
 ParOldGen       total 59392K, used 29417K [0x00000000a4800000, 0x00000000a8200000, 0x00000000e1800000)
  object space 59392K, 49% used [0x00000000a4800000,0x00000000a64ba740,0x00000000a8200000)
 Metaspace       used 25952K, capacity 27322K, committed 27392K, reserved 1073152K
  class space    used 2752K, capacity 3282K, committed 3328K, reserved 1048576K
}
Event: 7,490 GC heap before
{Heap before GC invocations=12 (full 1):
 PSYoungGen      total 468992K, used 468963K [0x00000000e1800000, 0x0000000100000000, 0x0000000100000000)
  eden space 452096K, 100% used [0x00000000e1800000,0x00000000fd180000,0x00000000fd180000)
  from space 16896K, 99% used [0x00000000fe700000,0x00000000ff778cd8,0x00000000ff780000)
  to   space 22016K, 0% used [0x00000000fd180000,0x00000000fd180000,0x00000000fe700000)
 ParOldGen       total 59392K, used 29417K [0x00000000a4800000, 0x00000000a8200000, 0x00000000e1800000)
  object space 59392K, 49% used [0x00000000a4800000,0x00000000a64ba740,0x00000000a8200000)
 Metaspace       used 26936K, capacity 28574K, committed 28800K, reserved 1075200K
  class space    used 2884K, capacity 3456K, committed 3456K, reserved 1048576K
Event: 7,589 GC heap after
Heap after GC invocations=12 (full 1):
 PSYoungGen      total 474112K, used 21984K [0x00000000e1800000, 0x0000000100000000, 0x0000000100000000)
  eden space 452096K, 0% used [0x00000000e1800000,0x00000000e1800000,0x00000000fd180000)
  from space 22016K, 99% used [0x00000000fd180000,0x00000000fe6f8020,0x00000000fe700000)
  to   space 25600K, 0% used [0x00000000fe700000,0x00000000fe700000,0x0000000100000000)
 ParOldGen       total 59392K, used 54508K [0x00000000a4800000, 0x00000000a8200000, 0x00000000e1800000)
  object space 59392K, 91% used [0x00000000a4800000,0x00000000a7d3b358,0x00000000a8200000)
 Metaspace       used 26936K, capacity 28574K, committed 28800K, reserved 1075200K
  class space    used 2884K, capacity 3456K, committed 3456K, reserved 1048576K
}
Event: 7,676 GC heap before
{Heap before GC invocations=13 (full 2):
 PSYoungGen      total 474112K, used 21984K [0x00000000e1800000, 0x0000000100000000, 0x0000000100000000)
  eden space 452096K, 0% used [0x00000000e1800000,0x00000000e1800000,0x00000000fd180000)
  from space 22016K, 99% used [0x00000000fd180000,0x00000000fe6f8020,0x00000000fe700000)
  to   space 25600K, 0% used [0x00000000fe700000,0x00000000fe700000,0x0000000100000000)
 ParOldGen       total 59392K, used 54508K [0x00000000a4800000, 0x00000000a8200000, 0x00000000e1800000)
  object space 59392K, 91% used [0x00000000a4800000,0x00000000a7d3b358,0x00000000a8200000)
 Metaspace       used 26936K, capacity 28574K, committed 28800K, reserved 1075200K
  class space    used 2884K, capacity 3456K, committed 3456K, reserved 1048576K

Deoptimization events (10 events):
Event: 7,063 Thread 0x00007fdaf0011800 Uncommon trap: reason=bimorphic action=maybe_recompile pc=0x00007fdae1bf19b0 method=java.util.regex.Pattern$Start.match(Ljava/util/regex/Matcher;ILjava/lang/CharSequence;)Z @ 44
Event: 7,064 Thread 0x00007fdaf0011800 Uncommon trap: reason=unstable_if action=reinterpret pc=0x00007fdae1a0c28c method=java.lang.String.regionMatches(ZILjava/lang/String;II)Z @ 123
Event: 7,064 Thread 0x00007fdaf0011800 Uncommon trap: reason=unstable_if action=reinterpret pc=0x00007fdae11f6a54 method=java.util.HashMap.getNode(ILjava/lang/Object;)Ljava/util/HashMap$Node; @ 84
Event: 7,064 Thread 0x00007fdaf0011800 Uncommon trap: reason=unstable_if action=reinterpret pc=0x00007fdae11e686c method=java.util.HashMap.getNode(ILjava/lang/Object;)Ljava/util/HashMap$Node; @ 84
Event: 7,065 Thread 0x00007fdaf0011800 Uncommon trap: reason=bimorphic action=maybe_recompile pc=0x00007fdae14507b8 method=java.util.regex.Pattern$Start.match(Ljava/util/regex/Matcher;ILjava/lang/CharSequence;)Z @ 44
Event: 7,116 Thread 0x00007fdaf0011800 Uncommon trap: reason=null_check action=make_not_entrant pc=0x00007fdae13e5914 method=sun.invoke.util.VerifyType.isNullConversion(Ljava/lang/Class;Ljava/lang/Class;Z)Z @ 22
Event: 7,153 Thread 0x00007fdaf0a08800 Uncommon trap: reason=null_check action=make_not_entrant pc=0x00007fdae137be60 method=java.lang.StringCoding.deref(Ljava/lang/ThreadLocal;)Ljava/lang/Object; @ 4
Event: 7,250 Thread 0x00007fdaf0a08800 Uncommon trap: reason=unstable_if action=reinterpret pc=0x00007fdae1bf8174 method=org.robolectric.res.ResName.<init>(Ljava/lang/String;Ljava/lang/String;Ljava/lang/String;)V @ 25
Event: 7,266 Thread 0x00007fdaf0a08800 Uncommon trap: reason=unstable_if action=reinterpret pc=0x00007fdae1bcfe88 method=com.ximpleware.VTDNav.toNormalizedString(I)Ljava/lang/String; @ 31
Event: 7,387 Thread 0x00007fdaf0a08800 Uncommon trap: reason=unstable_if action=reinterpret pc=0x00007fdae1e1dd1c method=com.ximpleware.VTDGen.checkAttributeUniqueness()V @ 306

Internal exceptions (10 events):
Event: 0,845 Thread 0x00007fdaf0011800 Exception <a 'java/lang/NoSuchFieldError': method resolution failed> (0x00000000e246b350) thrown at [/HUDSON/workspace/8-2-build-linux-amd64/jdk8u91/6644/hotspot/src/share/vm/prims/methodHandles.cpp, line 1146]
Event: 2,528 Thread 0x00007fdaf0011800 Exception <a 'java/lang/NoSuchFieldError': method resolution failed> (0x00000000e29d9af0) thrown at [/HUDSON/workspace/8-2-build-linux-amd64/jdk8u91/6644/hotspot/src/share/vm/prims/methodHandles.cpp, line 1146]
Event: 3,605 Thread 0x00007fdaf0011800 Exception <a 'java/lang/ClassNotFoundException': com/google/android/gms/org/conscrypt/SSLParametersImpl> (0x00000000e5713a20) thrown at [/HUDSON/workspace/8-2-build-linux-amd64/jdk8u91/6644/hotspot/src/share/vm/classfile/systemDictionary.cpp, line 210]
Event: 3,893 Thread 0x00007fdaf0011800 Exception <a 'java/lang/UnsatisfiedLinkError': com.almworks.sqlite4java._SQLiteSwiggedJNI.sqlite3_libversion()Ljava/lang/String;> (0x00000000e89ee020) thrown at [/HUDSON/workspace/8-2-build-linux-amd64/jdk8u91/6644/hotspot/src/share/vm/prims/nativeLookup.
Event: 3,899 Thread 0x00007fdaf10fa800 Implicit null exception at 0x00007fdae1917c8b to 0x00007fdae1918259
Event: 5,098 Thread 0x00007fdaf0011800 Implicit null exception at 0x00007fdae1d10c59 to 0x00007fdae1d12ee5
Event: 6,646 Thread 0x00007fdaf0011800 Implicit null exception at 0x00007fdae1c9db36 to 0x00007fdae1c9e599
Event: 6,646 Thread 0x00007fdaf0011800 Implicit null exception at 0x00007fdae1c57443 to 0x00007fdae1c575f9
Event: 7,026 Thread 0x00007fdaf0011800 Implicit null exception at 0x00007fdae1ca333b to 0x00007fdae1ca368d
Event: 7,153 Thread 0x00007fdaf0a08800 Implicit null exception at 0x00007fdae137b56b to 0x00007fdae137be51

Events (10 events):
Event: 7,489 loading class org/robolectric/res/OverlayResourceLoader$4 done
Event: 7,489 loading class org/robolectric/res/OverlayResourceLoader$5
Event: 7,489 loading class org/robolectric/res/OverlayResourceLoader$5 done
Event: 7,490 loading class org/robolectric/res/OverlayResourceLoader$6
Event: 7,490 loading class org/robolectric/res/OverlayResourceLoader$6 done
Event: 7,490 loading class org/robolectric/res/OverlayResourceLoader$7
Event: 7,490 loading class org/robolectric/res/OverlayResourceLoader$7 done
Event: 7,490 Thread 0x00007fdaf0a08800 Thread added: 0x00007fdaf0a08800
Event: 7,490 Executing VM operation: ParallelGCFailedAllocation
Event: 7,490 Thread 0x00007fdaf0a07000 Thread added: 0x00007fdaf0a07000


Dynamic libraries:
00400000-00401000 r-xp 00000000 08:05 1192354                            /usr/lib/jvm/java-8-oracle/bin/java
00600000-00601000 rw-p 00000000 08:05 1192354                            /usr/lib/jvm/java-8-oracle/bin/java
0090c000-0092d000 rw-p 00000000 00:00 0                                  [heap]
a4800000-a8200000 rw-p 00000000 00:00 0 
ac780000-e1800000 ---p 00000000 00:00 0 
e1800000-100000000 rw-p 00000000 00:00 0 
100000000-100360000 rw-p 00000000 00:00 0 
100360000-140000000 ---p 00000000 00:00 0 
7fda74000000-7fda74021000 rw-p 00000000 00:00 0 
7fda74021000-7fda78000000 ---p 00000000 00:00 0 
7fda7c000000-7fda7c021000 rw-p 00000000 00:00 0 
7fda7c021000-7fda80000000 ---p 00000000 00:00 0 
7fda83bfe000-7fda83c01000 ---p 00000000 00:00 0 
7fda83c01000-7fda83cff000 rw-p 00000000 00:00 0 
7fda83cff000-7fda83d02000 ---p 00000000 00:00 0 
7fda83d02000-7fda83ec0000 rw-p 00000000 00:00 0 
7fda83ec0000-7fda84000000 ---p 00000000 00:00 0 
7fda84000000-7fda84021000 rw-p 00000000 00:00 0 
7fda84021000-7fda88000000 ---p 00000000 00:00 0 
7fda88000000-7fda88055000 rw-p 00000000 00:00 0 
7fda88055000-7fda8c000000 ---p 00000000 00:00 0 
7fda8c000000-7fda8c021000 rw-p 00000000 00:00 0 
7fda8c021000-7fda90000000 ---p 00000000 00:00 0 
7fda90000000-7fda90021000 rw-p 00000000 00:00 0 
7fda90021000-7fda94000000 ---p 00000000 00:00 0 
7fda94000000-7fda94c57000 rw-p 00000000 00:00 0 
7fda94c57000-7fda98000000 ---p 00000000 00:00 0 
7fda98000000-7fda98021000 rw-p 00000000 00:00 0 
7fda98021000-7fda9c000000 ---p 00000000 00:00 0 
7fda9c000000-7fda9d100000 rw-p 00000000 00:00 0 
7fda9d100000-7fdaa0000000 ---p 00000000 00:00 0 
7fdaa0000000-7fdaa17d5000 rw-p 00000000 00:00 0 
7fdaa17d5000-7fdaa4000000 ---p 00000000 00:00 0 
7fdaa4000000-7fdaa4021000 rw-p 00000000 00:00 0 
7fdaa4021000-7fdaa8000000 ---p 00000000 00:00 0 
7fdaa8000000-7fdaa935c000 rw-p 00000000 00:00 0 
7fdaa935c000-7fdaac000000 ---p 00000000 00:00 0 
7fdaac000000-7fdaac021000 rw-p 00000000 00:00 0 
7fdaac021000-7fdab0000000 ---p 00000000 00:00 0 
7fdab0000000-7fdab0021000 rw-p 00000000 00:00 0 
7fdab0021000-7fdab4000000 ---p 00000000 00:00 0 
7fdab4000000-7fdab4021000 rw-p 00000000 00:00 0 
7fdab4021000-7fdab8000000 ---p 00000000 00:00 0 
7fdab8000000-7fdab828c000 rw-p 00000000 00:00 0 
7fdab828c000-7fdabc000000 ---p 00000000 00:00 0 
7fdabc000000-7fdabc021000 rw-p 00000000 00:00 0 
7fdabc021000-7fdac0000000 ---p 00000000 00:00 0 
7fdac0000000-7fdac0028000 rw-p 00000000 00:00 0 
7fdac0028000-7fdac4000000 ---p 00000000 00:00 0 
7fdac4000000-7fdac4021000 rw-p 00000000 00:00 0 
7fdac4021000-7fdac8000000 ---p 00000000 00:00 0 
7fdac80a4000-7fdac8150000 r-xp 00000000 08:05 1070385                    /tmp/robolectric-libs/libsqlite4java.so
7fdac8150000-7fdac8350000 ---p 000ac000 08:05 1070385                    /tmp/robolectric-libs/libsqlite4java.so
7fdac8350000-7fdac8354000 rw-p 000ac000 08:05 1070385                    /tmp/robolectric-libs/libsqlite4java.so
7fdac8354000-7fdac8554000 rw-p 00000000 00:00 0 
7fdac8554000-7fdac8754000 rw-p 00000000 00:00 0 
7fdac8754000-7fdac8954000 rw-p 00000000 00:00 0 
7fdac8a4b000-7fdac8c4b000 rw-p 00000000 00:00 0 
7fdac8c4b000-7fdac8e4b000 rw-p 00000000 00:00 0 
7fdac8e4b000-7fdac8e61000 r-xp 00000000 08:05 921911                     /lib/x86_64-linux-gnu/libgcc_s.so.1
7fdac8e61000-7fdac9060000 ---p 00016000 08:05 921911                     /lib/x86_64-linux-gnu/libgcc_s.so.1
7fdac9060000-7fdac9061000 rw-p 00015000 08:05 921911                     /lib/x86_64-linux-gnu/libgcc_s.so.1
7fdac9061000-7fdac9093000 r-xp 00000000 08:05 1338974                    /usr/lib/jvm/java-8-oracle/jre/lib/amd64/libsunec.so
7fdac9093000-7fdac9292000 ---p 00032000 08:05 1338974                    /usr/lib/jvm/java-8-oracle/jre/lib/amd64/libsunec.so
7fdac9292000-7fdac9298000 rw-p 00031000 08:05 1338974                    /usr/lib/jvm/java-8-oracle/jre/lib/amd64/libsunec.so
7fdac9298000-7fdac92a8000 rw-p 00000000 00:00 0 
7fdac92a8000-7fdac92b9000 r-xp 00000000 08:05 1338968                    /usr/lib/jvm/java-8-oracle/jre/lib/amd64/libnio.so
7fdac92b9000-7fdac94b8000 ---p 00011000 08:05 1338968                    /usr/lib/jvm/java-8-oracle/jre/lib/amd64/libnio.so
7fdac94b8000-7fdac94b9000 rw-p 00010000 08:05 1338968                    /usr/lib/jvm/java-8-oracle/jre/lib/amd64/libnio.so
7fdac94b9000-7fdac96b9000 rw-p 00000000 00:00 0 
7fdac96b9000-7fdac98b9000 rw-p 00000000 00:00 0 
7fdac99a1000-7fdac99a4000 ---p 00000000 00:00 0 
7fdac99a4000-7fdac9ca2000 rw-p 00000000 00:00 0 
7fdac9d3d000-7fdac9d3e000 rw-p 00000000 00:00 0 
7fdac9d3e000-7fdac9d41000 ---p 00000000 00:00 0 
7fdac9d41000-7fdac9e3f000 rw-p 00000000 00:00 0 
7fdac9e3f000-7fdac9e45000 r--s 0003f000 08:05 1449151                    /usr/lib/jvm/java-8-oracle/jre/lib/ext/sunjce_provider.jar
7fdac9e45000-7fdac9e46000 r--s 00009000 08:05 1449146                    /usr/lib/jvm/java-8-oracle/jre/lib/ext/sunec.jar
7fdac9e46000-7fdac9e49000 r--s 0001a000 08:05 1198703                    /usr/lib/jvm/java-8-oracle/jre/lib/jce.jar
7fdac9e49000-7fdac9e5c000 r--s 00344000 08:05 1198584                    /usr/lib/jvm/java-8-oracle/jre/lib/resources.jar
7fdac9e5c000-7fdac9e68000 r--s 00281000 08:05 1070837                    /home/okorsun/.m2/repository/org/robolectric/shadows-core-v21/3.2-SNAPSHOT/shadows-core-v21-3.2-SNAPSHOT.jar
7fdac9e68000-7fdaca052000 r--s 026f8000 08:05 681655                     /home/okorsun/.m2/repository/org/robolectric/android-all/5.0.0_r2-robolectric-1/android-all-5.0.0_r2-robolectric-1.jar
7fdaca052000-7fdaca056000 r--s 00097000 08:05 1192436                    /usr/lib/jvm/java-8-oracle/jre/lib/jsse.jar
7fdaca056000-7fdaca12a000 r--s 0155f000 08:05 812964                     /home/okorsun/code/projects/SunRise/build/generated/mockable-android-23.jar
7fdaca12a000-7fdaca133000 r--s 0002b000 08:05 394874                     /home/okorsun/code/android-studio/gradle/m2repository/org/jetbrains/kotlin/kotlin-runtime/1.0.0/kotlin-runtime-1.0.0.jar
7fdaca133000-7fdaca138000 r--s 0002e000 08:05 1070600                    /home/okorsun/.gradle/caches/modules-2/files-2.1/org.robolectric/robolectric/3.2-SNAPSHOT/d9c5a6d7faf7aff44c915fccf9220fe09ec4e7e4/robolectric-3.2-SNAPSHOT.jar
7fdaca138000-7fdaca139000 r--s 00001000 08:05 811376                     /home/okorsun/code/projects/SunRise/app/build/intermediates/exploded-aar/com.jakewharton.timber/timber/4.1.1/jars/classes.jar
7fdaca139000-7fdaca141000 r--s 00045000 08:05 1053199                    /home/okorsun/.gradle/caches/modules-2/files-2.1/junit/junit/4.12/2973d150c0dc1fefe998f834810d68f278ea58ec/junit-4.12.jar
7fdaca141000-7fdaca146000 r--s 0004d000 08:05 1053189                    /home/okorsun/.gradle/caches/modules-2/files-2.1/com.squareup.okhttp3/okhttp/3.2.0/f7873a2ebde246a45c2a8d6f3247108b4c88a879/okhttp-3.2.0.jar
7fdaca146000-7fdaca14a000 r--s 00037000 08:05 397045                     /home/okorsun/code/android-studio/gradle/m2repository/org/antlr/ST4/4.0.8/ST4-4.0.8.jar
7fdaca14a000-7fdaca14c000 r--s 00009000 08:05 1053201                    /home/okorsun/.gradle/caches/modules-2/files-2.1/org.hamcrest/hamcrest-core/1.3/42a25dc3219429f0e5d060061f71acb49bf010a0/hamcrest-core-1.3.jar
7fdaca14c000-7fdaca153000 r--s 00095000 08:05 1070350                    /home/okorsun/.gradle/caches/modules-2/files-2.1/com.ximpleware/vtd-xml/2.11/ee5bcf62c1acf76434ee9f1c67a840bafef72a6d/vtd-xml-2.11.jar
7fdaca153000-7fdaca155000 r--s 00003000 08:05 1051933                    /home/okorsun/.gradle/caches/modules-2/files-2.1/com.squareup.retrofit2/adapter-rxjava/2.0.0/bf61256d9868ea053e24d77669c55c80db375c15/adapter-rxjava-2.0.0.jar
7fdaca155000-7fdaca156000 r--s 00001000 08:05 1053155                    /home/okorsun/.gradle/caches/modules-2/files-2.1/com.squareup.okhttp3/logging-interceptor/3.2.0/a56f28d5b7fab623c6c1d2afa08dd496d873ac21/logging-interceptor-3.2.0.jar
7fdaca156000-7fdaca15e000 r--s 0008a000 08:05 1070640                    /home/okorsun/.gradle/caches/modules-2/files-2.1/com.google.protobuf/protobuf-java/2.6.1/d9521f2aecb909835746b7a5facf612af5e890e8/protobuf-java-2.6.1.jar
7fdaca15e000-7fdaca163000 r--s 00043000 08:05 1070276                    /home/okorsun/.gradle/caches/modules-2/files-2.1/com.j256.ormlite/ormlite-core/4.48/e579bd2905d0399af5029aaaf9817d5fa0ca88a5/ormlite-core-4.48.jar
7fdaca163000-7fdaca164000 r--s 00004000 08:05 1070349                    /home/okorsun/.gradle/caches/modules-2/files-2.1/org.ow2.asm/asm-analysis/5.0.1/e286fbee48efacb4e7c175f7948d9d8b2ab52352/asm-analysis-5.0.1.jar
7fdaca164000-7fdaca168000 r--s 0002a000 08:05 655620                     /home/okorsun/code/android-studio/gradle/m2repository/com/android/databinding/compilerCommon/2.0.0/compilerCommon-2.0.0.jar
7fdaca168000-7fdaca16a000 r--s 00006000 08:05 1070648                    /home/okorsun/.gradle/caches/modules-2/files-2.1/org.apache.maven/maven-plugin-registry/2.2.1/72a24b7775649af78f3986b5aa7eb354b9674cfd/maven-plugin-registry-2.2.1.jar
7fdaca16a000-7fdaca16b000 r--s 00004000 08:05 811121                     /home/okorsun/code/projects/SunRise/app/build/intermediates/exploded-aar/com.android.support/cardview-v7/23.3.0/jars/classes.jar
7fdaca16b000-7fdaca16f000 r--s 00034000 08:05 1070619                    /home/okorsun/.gradle/caches/modules-2/files-2.1/org.codehaus.plexus/plexus-utils/1.5.15/c689598ce1eb94c304817877ed15911099972526/plexus-utils-1.5.15.jar
7fdaca16f000-7fdaca175000 r--s 00041000 08:05 811164                     /home/okorsun/code/projects/SunRise/app/build/intermediates/exploded-aar/com.android.support/design/23.3.0/jars/classes.jar
7fdaca175000-7fdaca18b000 r--s 000df000 08:05 1053157                    /home/okorsun/.gradle/caches/modules-2/files-2.1/io.reactivex/rxjava/1.1.1/b494968f6050d494de55dc3ce005e59c7eb40012/rxjava-1.1.1.jar
7fdaca18b000-7fdaca1b6000 r--s 001f9000 08:05 524357                     /home/okorsun/code/android-studio/gradle/m2repository/com/google/guava/guava/17.0/guava-17.0.jar
7fdaca1b6000-7fdaca1b7000 r--s 00000000 08:05 1053177                    /home/okorsun/.gradle/caches/modules-2/files-2.1/javax.inject/javax.inject/1/6975da39a7040257bd51d21a231b76c915872d38/javax.inject-1.jar
7fdaca1b7000-7fdaca1b8000 r--s 00000000 08:05 1070603                    /home/okorsun/.gradle/caches/modules-2/files-2.1/org.robolectric/shadows-multidex/3.2-SNAPSHOT/3aac541bc02ad64a898472cde764ca440a623e72/shadows-multidex-3.2-SNAPSHOT.jar
7fdaca1b8000-7fdaca1e4000 r--s 00208000 08:05 1052069                    /home/okorsun/.gradle/caches/modules-2/files-2.1/com.google.guava/guava/19.0/6ce200f6b23222af3d8abb6b6459e6c44f4bb0e9/guava-19.0.jar
7fdaca1e4000-7fdaca1e7000 r--s 00011000 08:05 1070623                    /home/okorsun/.gradle/caches/modules-2/files-2.1/org.apache.maven/maven-artifact/2.2.1/23600f790d4dab2cb965419eaa982e3e84c428f8/maven-artifact-2.2.1.jar
7fdaca1e7000-7fdaca1e8000 r--s 00002000 08:05 1070605                    /home/okorsun/.gradle/caches/modules-2/files-2.1/org.robolectric/robolectric-annotations/3.2-SNAPSHOT/8fe505bac2545433d26b67a364891ab115ae53d6/robolectric-annotations-3.2-SNAPSHOT.jar
7fdaca1e8000-7fdaca1ea000 r--s 0000b000 08:05 1070340                    /home/okorsun/.gradle/caches/modules-2/files-2.1/org.objenesis/objenesis/2.4/2916b6c96b50c5b3ec4452ed99401db745aabb27/objenesis-2.4.jar
7fdaca1ea000-7fdaca1f6000 r--s 00069000 08:05 1053303                    /home/okorsun/.gradle/caches/modules-2/files-2.1/com.github.bumptech.glide/glide/3.7.0/9e9eeaf9948ee4d6c3ab354e8dc14368f16994a4/glide-3.7.0.jar
7fdaca1f6000-7fdaca1f8000 r--s 00005000 08:05 1070650                    /home/okorsun/.gradle/caches/modules-2/files-2.1/org.apache.maven.wagon/wagon-http-shared/1.0-beta-6/ccd70d7e0d8c085e648a83f072da06ca9a53be94/wagon-http-shared-1.0-beta-6.jar
7fdaca1f8000-7fdaca1f9000 r--s 00001000 08:05 1053168                    /home/okorsun/.gradle/caches/modules-2/files-2.1/javax.annotation/jsr250-api/1.0/5025422767732a1ab45d93abfea846513d742dcf/jsr250-api-1.0.jar
7fdaca1f9000-7fdaca221000 r--s 001a3000 08:05 1070345                    /home/okorsun/.gradle/caches/modules-2/files-2.1/org.bouncycastle/bcprov-jdk16/1.46/ce091790943599535cbb4de8ede84535b0c1260c/bcprov-jdk16-1.46.jar
7fdaca221000-7fdaca222000 r--s 0000a000 08:05 1070348                    /home/okorsun/.gradle/caches/modules-2/files-2.1/org.ow2.asm/asm-util/5.0.1/7c8caddfbd0b2d7b844f8fcc75175b9cb9cf4724/asm-util-5.0.1.jar
7fdaca222000-7fdaca22c000 r--s 00045000 08:05 811309                     /home/okorsun/code/projects/SunRise/app/build/intermediates/exploded-aar/com.android.support/support-v4/23.3.0/jars/libs/internal_impl-23.3.0.jar
7fdaca22c000-7fdaca242000 r--s 000f1000 08:05 811307                     /home/okorsun/code/projects/SunRise/app/build/intermediates/exploded-aar/com.android.support/support-v4/23.3.0/jars/classes.jar
7fdaca242000-7fdaca24f000 r--s 00077000 08:05 1070610                    /home/okorsun/.gradle/caches/modules-2/files-2.1/com.thoughtworks.xstream/xstream/1.4.8/520d90f30f36a0d6ba2dc929d980831631ad6a92/xstream-1.4.8.jar
7fdaca24f000-7fdaca251000 r--s 0000b000 08:05 1070638                    /home/okorsun/.gradle/caches/modules-2/files-2.1/org.apache.maven.wagon/wagon-provider-api/1.0-beta-6/3f952e0282ae77ae59851d96bb18015e520b6208/wagon-provider-api-1.0-beta-6.jar
7fdaca251000-7fdaca252000 r--s 00002000 08:05 655631                     /home/okorsun/code/android-studio/gradle/m2repository/com/android/databinding/baseLibrary/2.0.0/baseLibrary-2.0.0.jar
7fdaca252000-7fdaca255000 r--s 00026000 08:05 397039                     /home/okorsun/code/android-studio/gradle/m2repository/org/antlr/antlr-runtime/3.5.2/antlr-runtime-3.5.2.jar
7fdaca255000-7fdaca257000 r--s 00002000 08:05 1070630                    /home/okorsun/.gradle/caches/modules-2/files-2.1/org.apache.maven/maven-error-diagnostics/2.2.1/e81bb342d7d172f23d108dc8fa979a1facdcde8e/maven-error-diagnostics-2.2.1.jar
7fdaca257000-7fdaca258000 r--s 00002000 08:05 1070634                    /home/okorsun/.gradle/caches/modules-2/files-2.1/org.apache.maven.wagon/wagon-file/1.0-beta-6/6c53633505460caf49d2660de1e24744d915afb9/wagon-file-1.0-beta-6.jar
7fdaca258000-7fdaca25c000 r--s 00022000 08:05 1070607                    /home/okorsun/.gradle/caches/modules-2/files-2.1/org.robolectric/robolectric-resources/3.2-SNAPSHOT/2f34540f4887937f95f62e07fdb648a20fd6e88f/robolectric-resources-3.2-SNAPSHOT.jar
7fdaca25c000-7fdaca25e000 r--s 00005000 08:05 1053064                    /home/okorsun/.gradle/caches/modules-2/files-2.1/xpp3/xpp3_min/1.1.4c/19d4e90b43059058f6e056f794f0ea4030d60b86/xpp3_min-1.1.4c.jar
7fdaca25e000-7fdaca25f000 r--s 00002000 08:05 1070357                    /home/okorsun/.gradle/caches/modules-2/files-2.1/org.apache.ant/ant-launcher/1.8.0/8b53ba16fa62fb1034da8f1de200ddc407c8381/ant-launcher-1.8.0.jar
7fdaca25f000-7fdaca269000 r--s 000db000 08:05 655613                     /home/okorsun/code/android-studio/gradle/m2repository/com/android/databinding/compiler/2.0.0/compiler-2.0.0.jar
7fdaca269000-7fdaca280000 r--s 00159000 08:05 1070352                    /home/okorsun/.gradle/caches/modules-2/files-2.1/org.apache.ant/ant/1.8.0/7b456ca6b93900f96e58cc8371f03d90a9c1c8d1/ant-1.8.0.jar
7fdaca280000-7fdaca299000 r--s 00129000 08:05 1070351                    /home/okorsun/.gradle/caches/modules-2/files-2.1/org.apache.maven/maven-ant-tasks/2.1.3/b09be554228d66d208e5fef5266844aacf443abc/maven-ant-tasks-2.1.3.jar
7fdaca299000-7fdaca29e000 r--s 00034000 08:05 1051935                    /home/okorsun/.gradle/caches/modules-2/files-2.1/com.google.code.gson/gson/2.6.1/b9d63507329a7178e026fc334f87587ee5070ac5/gson-2.6.1.jar
7fdaca29e000-7fdaca2a0000 r--s 0000f000 08:05 1070624                    /home/okorsun/.gradle/caches/modules-2/files-2.1/org.apache.maven/maven-artifact-manager/2.2.1/ec355b913c34d37080810f98e3f51abecbe1572b/maven-artifact-manager-2.2.1.jar
7fdaca2a0000-7fdaca2a2000 r--s 00008000 08:05 1070615                    /home/okorsun/.gradle/caches/modules-2/files-2.1/classworlds/classworlds/1.1-alpha-2/5adf2e681c57d7f48038b602f3ca2254ee82d47/classworlds-1.1-alpha-2.jar
7fdaca2a2000-7fdaca2a4000 r--s 0000b000 08:05 1070621                    /home/okorsun/.gradle/caches/modules-2/files-2.1/org.codehaus.plexus/plexus-interpolation/1.11/ad9dddff6043194904ad1d2c00ff1d003c3915f7/plexus-interpolation-1.11.jar
7fdaca2a4000-7fdaca2ab000 r--s 00029000 08:05 1070617                    /home/okorsun/.gradle/caches/modules-2/files-2.1/org.codehaus.plexus/plexus-container-default/1.0-alpha-9-stable-1/94aea3010e250a334d9dab7f591114cd6c767458/plexus-container-default-1.0-alpha-9-stable-1.jar
7fdaca2ab000-7fdaca2b2000 r--s 0003f000 08:05 655637                     /home/okorsun/code/android-studio/gradle/m2repository/commons-codec/commons-codec/1.10/commons-codec-1.10.jar
7fdaca2b2000-7fdaca2b6000 r--s 00023000 08:05 1070628                    /home/okorsun/.gradle/caches/modules-2/files-2.1/org.apache.maven/maven-project/2.2.1/8239e98c16f641d55a4ad0e0bab0aee3aff8933f/maven-project-2.2.1.jar
7fdaca2b6000-7fdaca2b7000 r--s 00001000 08:05 1051934                    /home/okorsun/.gradle/caches/modules-2/files-2.1/com.squareup.retrofit2/converter-gson/2.0.0/49eb3ad545e7701234e4dd83db8dc1344b577f23/converter-gson-2.0.0.jar
7fdaca2b7000-7fdaca2b9000 r--s 00006000 08:05 1070356                    /home/okorsun/.gradle/caches/modules-2/files-2.1/org.ow2.asm/asm-tree/5.0.1/1b1e6e9d869acd704056d0a4223071a511c619e6/asm-tree-5.0.1.jar
7fdaca2b9000-7fdaca2bc000 r--s 0001d000 08:05 1070355                    /home/okorsun/.gradle/caches/modules-2/files-2.1/com.almworks.sqlite4java/sqlite4java/0.282/745a7e2f35fdbe6336922e0d492c979dbbfa74fb/sqlite4java-0.282.jar
7fdaca2bc000-7fdaca2c4000 r--s 00094000 08:05 394866                     /home/okorsun/code/android-studio/gradle/m2repository/org/jetbrains/kotlin/kotlin-stdlib/1.0.0/kotlin-stdlib-1.0.0.jar
7fdaca2c4000-7fdaca31b000 r--s 008ec000 08:05 1070354                    /home/okorsun/.gradle/caches/modules-2/files-2.1/com.ibm.icu/icu4j/53.1/786d9055d4ca8c1aab4a7d4ac8283f973fd7e41f/icu4j-53.1.jar
7fdaca31b000-7fdaca327000 r--s 00281000 08:05 1070611                    /home/okorsun/.gradle/caches/modules-2/files-2.1/org.robolectric/shadows-core-v23/3.2-SNAPSHOT/58706d14f6e9a5fd5f2c949a79ee96e312f41dd0/shadows-core-v23-3.2-SNAPSHOT.jar
7fdaca327000-7fdaca35a000 r--s 00222000 08:05 1070339                    /home/okorsun/.gradle/caches/modules-2/files-2.1/net.bytebuddy/byte-buddy/1.4.8/91562a3d78dbadb5bb66bd25c3244783368b1ad8/byte-buddy-1.4.8.jar
7fdaca35a000-7fdaca38b000 rw-p 00000000 00:00 0 
7fdaca38b000-7fdaca3a1000 r-xp 00000000 08:05 1338854                    /usr/lib/jvm/java-8-oracle/jre/lib/amd64/libnet.so
7fdaca3a1000-7fdaca5a1000 ---p 00016000 08:05 1338854                    /usr/lib/jvm/java-8-oracle/jre/lib/amd64/libnet.so
7fdaca5a1000-7fdaca5a2000 rw-p 00016000 08:05 1338854                    /usr/lib/jvm/java-8-oracle/jre/lib/amd64/libnet.so
7fdaca5a2000-7fdaca5a5000 ---p 00000000 00:00 0 
7fdaca5a5000-7fdaca6a3000 rw-p 00000000 00:00 0 
7fdaca6a3000-7fdaca6a4000 r-xp 00000000 08:05 398578                     /home/okorsun/code/android-studio/bin/libbreakgen64.so
7fdaca6a4000-7fdaca8a3000 ---p 00001000 08:05 398578                     /home/okorsun/code/android-studio/bin/libbreakgen64.so
7fdaca8a3000-7fdaca8a4000 r--p 00000000 08:05 398578                     /home/okorsun/code/android-studio/bin/libbreakgen64.so
7fdaca8a4000-7fdaca8a5000 rw-p 00001000 08:05 398578                     /home/okorsun/code/android-studio/bin/libbreakgen64.so
7fdaca8a5000-7fdaca8a6000 ---p 00000000 00:00 0 
7fdaca8a6000-7fdaca9a6000 rw-p 00000000 00:00 0 
7fdaca9a6000-7fdaca9a9000 ---p 00000000 00:00 0 
7fdaca9a9000-7fdacaaa7000 rw-p 00000000 00:00 0 
7fdacaaa7000-7fdacaaaa000 ---p 00000000 00:00 0 
7fdacaaaa000-7fdacaba8000 rw-p 00000000 00:00 0 
7fdacaba8000-7fdacabab000 ---p 00000000 00:00 0 
7fdacabab000-7fdacaca9000 rw-p 00000000 00:00 0 
7fdacaca9000-7fdacacac000 ---p 00000000 00:00 0 
7fdacacac000-7fdacadaa000 rw-p 00000000 00:00 0 
7fdacadaa000-7fdacadad000 ---p 00000000 00:00 0 
7fdacadad000-7fdacaeab000 rw-p 00000000 00:00 0 
7fdacaeab000-7fdacaeae000 ---p 00000000 00:00 0 
7fdacaeae000-7fdacafac000 rw-p 00000000 00:00 0 
7fdacafac000-7fdacb7f8000 r--p 00000000 08:05 1186688                    /usr/lib/locale/locale-archive
7fdacb7f8000-7fdacb7fb000 ---p 00000000 00:00 0 
7fdacb7fb000-7fdacb8f9000 rw-p 00000000 00:00 0 
7fdacb8f9000-7fdacb8fc000 ---p 00000000 00:00 0 
7fdacb8fc000-7fdacb9fa000 rw-p 00000000 00:00 0 
7fdacb9fa000-7fdacb9fb000 ---p 00000000 00:00 0 
7fdacb9fb000-7fdacc000000 rw-p 00000000 00:00 0 
7fdacc000000-7fdacc021000 rw-p 00000000 00:00 0 
7fdacc021000-7fdad0000000 ---p 00000000 00:00 0 
7fdad0000000-7fdad0021000 rw-p 00000000 00:00 0 
7fdad0021000-7fdad4000000 ---p 00000000 00:00 0 
7fdad4000000-7fdad4021000 rw-p 00000000 00:00 0 
7fdad4021000-7fdad8000000 ---p 00000000 00:00 0 
7fdad8000000-7fdad8002000 r--s 00001000 08:05 811389                     /home/okorsun/code/projects/SunRise/app/build/intermediates/exploded-aar/io.reactivex/rxandroid/1.1.0/jars/classes.jar
7fdad8002000-7fdad8004000 r--s 00003000 08:05 1053165                    /home/okorsun/.gradle/caches/modules-2/files-2.1/com.google.dagger/dagger/2.0.2/de8416eda7b2fd7c25836b140c39e1cbf10542f6/dagger-2.0.2.jar
7fdad8004000-7fdad8007000 r--s 00013000 08:05 1051932                    /home/okorsun/.gradle/caches/modules-2/files-2.1/com.squareup.retrofit2/retrofit/2.0.0/5c06d197fb7fa875ad452f562e3310dd9949d066/retrofit-2.0.0.jar
7fdad8007000-7fdad8011000 r--s 0008b000 08:05 810476                     /home/okorsun/code/projects/SunRise/app/build/intermediates/exploded-aar/com.android.support/appcompat-v7/23.3.0/jars/classes.jar
7fdad8011000-7fdad8027000 r--s 000a7000 08:05 1070336                    /home/okorsun/.gradle/caches/modules-2/files-2.1/org.mockito/mockito-core/2.0.83-beta/f90b5d0b5e1e2c2143b34dffb20f2b934a672661/mockito-core-2.0.83-beta.jar
7fdad8027000-7fdadc000000 rw-p 00000000 00:00 0 
7fdadc000000-7fdadc021000 rw-p 00000000 00:00 0 
7fdadc021000-7fdae0000000 ---p 00000000 00:00 0 
7fdae0000000-7fdae0004000 r--s 0000d000 08:05 810409                     /home/okorsun/code/projects/SunRise/app/build/intermediates/exploded-aar/com.android.databinding/adapters/1.0-rc5/jars/classes.jar
7fdae0004000-7fdae0005000 r--s 00001000 08:05 1053063                    /home/okorsun/.gradle/caches/modules-2/files-2.1/xmlpull/xmlpull/1.1.3.1/2b8e230d2ab644e4ecaa94db7cdedbc40c805dfa/xmlpull-1.1.3.1.jar
7fdae0005000-7fdae0006000 r--s 00002000 08:05 810460                     /home/okorsun/code/projects/SunRise/app/build/intermediates/exploded-aar/com.android.support/animated-vector-drawable/23.3.0/jars/classes.jar
7fdae0006000-7fdae0007000 r--s 00009000 08:05 811334                     /home/okorsun/code/projects/SunRise/app/build/intermediates/exploded-aar/com.android.support/support-vector-drawable/23.3.0/jars/classes.jar
7fdae0007000-7fdae0009000 r--s 00003000 08:05 1331602                    /home/okorsun/Android/Sdk/extras/android/m2repository/com/android/support/support-annotations/23.3.0/support-annotations-23.3.0.jar
7fdae0009000-7fdae000b000 r--s 00014000 08:05 1070626                    /home/okorsun/.gradle/caches/modules-2/files-2.1/org.apache.maven/maven-model/2.2.1/c0a1c17436ec3ff5a56207c031d82277b4250a29/maven-model-2.2.1.jar
7fdae000b000-7fdae000c000 r--s 00000000 08:05 811352                     /home/okorsun/code/projects/SunRise/app/build/intermediates/exploded-aar/com.artemzin.rxjava/proguard-rules/1.1.1.0/jars/classes.jar
7fdae000c000-7fdae000e000 r--s 0000b000 08:05 810437                     /home/okorsun/code/projects/SunRise/app/build/intermediates/exploded-aar/com.android.databinding/library/1.0-rc5/jars/classes.jar
7fdae000e000-7fdae0010000 r--s 00005000 08:05 524294                     /home/okorsun/code/android-studio/gradle/m2repository/org/abego/treelayout/org.abego.treelayout.core/1.0.1/org.abego.treelayout.core-1.0.1.jar
7fdae0010000-7fdae0017000 r--s 00062000 08:05 524369                     /home/okorsun/code/android-studio/gradle/m2repository/com/tunnelvisionlabs/antlr4-runtime/4.5/antlr4-runtime-4.5.jar
7fdae0017000-7fdae001b000 r--s 00045000 08:05 811253                     /home/okorsun/code/projects/SunRise/app/build/intermediates/exploded-aar/com.android.support/recyclerview-v7/23.3.0/jars/classes.jar
7fdae001b000-7fdae001d000 r--s 0000c000 08:05 1070277                    /home/okorsun/.gradle/caches/modules-2/files-2.1/com.j256.ormlite/ormlite-android/4.48/afa06f539a4026c10b247386312aa67404b80a16/ormlite-android-4.48.jar
7fdae001d000-7fdae001f000 r--s 00005000 08:05 1070642                    /home/okorsun/.gradle/caches/modules-2/files-2.1/org.apache.maven/maven-repository-metadata/2.2.1/98f0c07fcf1eeb213bef8d9316a9935184084b06/maven-repository-metadata-2.2.1.jar
7fdae001f000-7fdae1000000 rw-p 00000000 00:00 0 
7fdae1000000-7fdae1e80000 rwxp 00000000 00:00 0 
7fdae1e80000-7fdaf0000000 ---p 00000000 00:00 0 
7fdaf0000000-7fdaf1173000 rw-p 00000000 00:00 0 
7fdaf1173000-7fdaf4000000 ---p 00000000 00:00 0 
7fdaf4000000-7fdaf4001000 r--s 00002000 08:05 524377                     /home/okorsun/code/android-studio/gradle/m2repository/com/tunnelvisionlabs/antlr4-annotations/4.5/antlr4-annotations-4.5.jar
7fdaf4001000-7fdaf4002000 r--s 0000c000 08:05 1070346                    /home/okorsun/.gradle/caches/modules-2/files-2.1/org.ow2.asm/asm/5.0.1/2fd56467a018aafe6ec6a73ccba520be4a7e1565/asm-5.0.1.jar
7fdaf4002000-7fdaf4005000 r--s 00019000 08:05 1070654                    /home/okorsun/.gradle/caches/modules-2/files-2.1/nekohtml/nekohtml/1.9.6.2/2d960be7b62ae6622dbbbe49ab4ffdc609f85c80/nekohtml-1.9.6.2.jar
7fdaf4005000-7fdaf4006000 r--s 00003000 08:05 1070636                    /home/okorsun/.gradle/caches/modules-2/files-2.1/org.apache.maven.wagon/wagon-http-lightweight/1.0-beta-6/b3815078570c3b1f0667e123d59717c6b726c6c2/wagon-http-lightweight-1.0-beta-6.jar
7fdaf4006000-7fdaf400b000 r--s 00022000 08:05 1070613                    /home/okorsun/.gradle/caches/modules-2/files-2.1/com.google.android.apps.common.testing.accessibility.framework/accessibility-test-framework/2.1/c2d6267c3ad0435ddf9e27a94a0e0af4ca3fdfbb/accessibility-test-framework-2.1.jar
7fdaf400b000-7fdaf405a000 rw-p 00000000 00:00 0 
7fdaf405a000-7fdaf4233000 r--s 03d1f000 08:05 1198586                    /usr/lib/jvm/java-8-oracle/jre/lib/rt.jar
7fdaf4233000-7fdaf42a9000 rw-p 00000000 00:00 0 
7fdaf42a9000-7fdaf42aa000 ---p 00000000 00:00 0 
7fdaf42aa000-7fdaf43aa000 rw-p 00000000 00:00 0 
7fdaf43aa000-7fdaf43ab000 ---p 00000000 00:00 0 
7fdaf43ab000-7fdaf44ab000 rw-p 00000000 00:00 0 
7fdaf44ab000-7fdaf44ac000 ---p 00000000 00:00 0 
7fdaf44ac000-7fdaf45ac000 rw-p 00000000 00:00 0 
7fdaf45ac000-7fdaf45ad000 ---p 00000000 00:00 0 
7fdaf45ad000-7fdaf46ad000 rw-p 00000000 00:00 0 
7fdaf46ad000-7fdaf46ae000 ---p 00000000 00:00 0 
7fdaf46ae000-7fdaf47ae000 rw-p 00000000 00:00 0 
7fdaf47ae000-7fdaf47af000 ---p 00000000 00:00 0 
7fdaf47af000-7fdaf48af000 rw-p 00000000 00:00 0 
7fdaf48af000-7fdaf48b0000 ---p 00000000 00:00 0 
7fdaf48b0000-7fdaf49b0000 rw-p 00000000 00:00 0 
7fdaf49b0000-7fdaf49b1000 ---p 00000000 00:00 0 
7fdaf49b1000-7fdaf4ace000 rw-p 00000000 00:00 0 
7fdaf4ace000-7fdaf4c99000 ---p 00000000 00:00 0 
7fdaf4c99000-7fdaf4cb6000 rw-p 00000000 00:00 0 
7fdaf4cb6000-7fdaf4e81000 ---p 00000000 00:00 0 
7fdaf4e81000-7fdaf4f75000 rw-p 00000000 00:00 0 
7fdaf4f75000-7fdaf4fb0000 rw-p 00000000 00:00 0 
7fdaf4fb0000-7fdaf5336000 ---p 00000000 00:00 0 
7fdaf5336000-7fdaf5350000 r-xp 00000000 08:05 1338977                    /usr/lib/jvm/java-8-oracle/jre/lib/amd64/libzip.so
7fdaf5350000-7fdaf5550000 ---p 0001a000 08:05 1338977                    /usr/lib/jvm/java-8-oracle/jre/lib/amd64/libzip.so
7fdaf5550000-7fdaf5551000 rw-p 0001a000 08:05 1338977                    /usr/lib/jvm/java-8-oracle/jre/lib/amd64/libzip.so
7fdaf5551000-7fdaf555b000 r-xp 00000000 08:05 937736                     /lib/x86_64-linux-gnu/libnss_files-2.19.so
7fdaf555b000-7fdaf575a000 ---p 0000a000 08:05 937736                     /lib/x86_64-linux-gnu/libnss_files-2.19.so
7fdaf575a000-7fdaf575b000 r--p 00009000 08:05 937736                     /lib/x86_64-linux-gnu/libnss_files-2.19.so
7fdaf575b000-7fdaf575c000 rw-p 0000a000 08:05 937736                     /lib/x86_64-linux-gnu/libnss_files-2.19.so
7fdaf575c000-7fdaf5767000 r-xp 00000000 08:05 937728                     /lib/x86_64-linux-gnu/libnss_nis-2.19.so
7fdaf5767000-7fdaf5966000 ---p 0000b000 08:05 937728                     /lib/x86_64-linux-gnu/libnss_nis-2.19.so
7fdaf5966000-7fdaf5967000 r--p 0000a000 08:05 937728                     /lib/x86_64-linux-gnu/libnss_nis-2.19.so
7fdaf5967000-7fdaf5968000 rw-p 0000b000 08:05 937728                     /lib/x86_64-linux-gnu/libnss_nis-2.19.so
7fdaf5968000-7fdaf597f000 r-xp 00000000 08:05 937724                     /lib/x86_64-linux-gnu/libnsl-2.19.so
7fdaf597f000-7fdaf5b7e000 ---p 00017000 08:05 937724                     /lib/x86_64-linux-gnu/libnsl-2.19.so
7fdaf5b7e000-7fdaf5b7f000 r--p 00016000 08:05 937724                     /lib/x86_64-linux-gnu/libnsl-2.19.so
7fdaf5b7f000-7fdaf5b80000 rw-p 00017000 08:05 937724                     /lib/x86_64-linux-gnu/libnsl-2.19.so
7fdaf5b80000-7fdaf5b82000 rw-p 00000000 00:00 0 
7fdaf5b82000-7fdaf5b8b000 r-xp 00000000 08:05 937723                     /lib/x86_64-linux-gnu/libnss_compat-2.19.so
7fdaf5b8b000-7fdaf5d8a000 ---p 00009000 08:05 937723                     /lib/x86_64-linux-gnu/libnss_compat-2.19.so
7fdaf5d8a000-7fdaf5d8b000 r--p 00008000 08:05 937723                     /lib/x86_64-linux-gnu/libnss_compat-2.19.so
7fdaf5d8b000-7fdaf5d8c000 rw-p 00009000 08:05 937723                     /lib/x86_64-linux-gnu/libnss_compat-2.19.so
7fdaf5d8c000-7fdaf5db6000 r-xp 00000000 08:05 1338929                    /usr/lib/jvm/java-8-oracle/jre/lib/amd64/libjava.so
7fdaf5db6000-7fdaf5fb6000 ---p 0002a000 08:05 1338929                    /usr/lib/jvm/java-8-oracle/jre/lib/amd64/libjava.so
7fdaf5fb6000-7fdaf5fb8000 rw-p 0002a000 08:05 1338929                    /usr/lib/jvm/java-8-oracle/jre/lib/amd64/libjava.so
7fdaf5fb8000-7fdaf5fc5000 r-xp 00000000 08:05 1338959                    /usr/lib/jvm/java-8-oracle/jre/lib/amd64/libverify.so
7fdaf5fc5000-7fdaf61c5000 ---p 0000d000 08:05 1338959                    /usr/lib/jvm/java-8-oracle/jre/lib/amd64/libverify.so
7fdaf61c5000-7fdaf61c7000 rw-p 0000d000 08:05 1338959                    /usr/lib/jvm/java-8-oracle/jre/lib/amd64/libverify.so
7fdaf61c7000-7fdaf61ce000 r-xp 00000000 08:05 937732                     /lib/x86_64-linux-gnu/librt-2.19.so
7fdaf61ce000-7fdaf63cd000 ---p 00007000 08:05 937732                     /lib/x86_64-linux-gnu/librt-2.19.so
7fdaf63cd000-7fdaf63ce000 r--p 00006000 08:05 937732                     /lib/x86_64-linux-gnu/librt-2.19.so
7fdaf63ce000-7fdaf63cf000 rw-p 00007000 08:05 937732                     /lib/x86_64-linux-gnu/librt-2.19.so
7fdaf63cf000-7fdaf64d4000 r-xp 00000000 08:05 937718                     /lib/x86_64-linux-gnu/libm-2.19.so
7fdaf64d4000-7fdaf66d3000 ---p 00105000 08:05 937718                     /lib/x86_64-linux-gnu/libm-2.19.so
7fdaf66d3000-7fdaf66d4000 r--p 00104000 08:05 937718                     /lib/x86_64-linux-gnu/libm-2.19.so
7fdaf66d4000-7fdaf66d5000 rw-p 00105000 08:05 937718                     /lib/x86_64-linux-gnu/libm-2.19.so
7fdaf66d5000-7fdaf7395000 r-xp 00000000 08:05 1338952                    /usr/lib/jvm/java-8-oracle/jre/lib/amd64/server/libjvm.so
7fdaf7395000-7fdaf7595000 ---p 00cc0000 08:05 1338952                    /usr/lib/jvm/java-8-oracle/jre/lib/amd64/server/libjvm.so
7fdaf7595000-7fdaf766d000 rw-p 00cc0000 08:05 1338952                    /usr/lib/jvm/java-8-oracle/jre/lib/amd64/server/libjvm.so
7fdaf766d000-7fdaf76b8000 rw-p 00000000 00:00 0 
7fdaf76b8000-7fdaf7872000 r-xp 00000000 08:05 937733                     /lib/x86_64-linux-gnu/libc-2.19.so
7fdaf7872000-7fdaf7a72000 ---p 001ba000 08:05 937733                     /lib/x86_64-linux-gnu/libc-2.19.so
7fdaf7a72000-7fdaf7a76000 r--p 001ba000 08:05 937733                     /lib/x86_64-linux-gnu/libc-2.19.so
7fdaf7a76000-7fdaf7a78000 rw-p 001be000 08:05 937733                     /lib/x86_64-linux-gnu/libc-2.19.so
7fdaf7a78000-7fdaf7a7d000 rw-p 00000000 00:00 0 
7fdaf7a7d000-7fdaf7a80000 r-xp 00000000 08:05 937720                     /lib/x86_64-linux-gnu/libdl-2.19.so
7fdaf7a80000-7fdaf7c7f000 ---p 00003000 08:05 937720                     /lib/x86_64-linux-gnu/libdl-2.19.so
7fdaf7c7f000-7fdaf7c80000 r--p 00002000 08:05 937720                     /lib/x86_64-linux-gnu/libdl-2.19.so
7fdaf7c80000-7fdaf7c81000 rw-p 00003000 08:05 937720                     /lib/x86_64-linux-gnu/libdl-2.19.so
7fdaf7c81000-7fdaf7c96000 r-xp 00000000 08:05 1191580                    /usr/lib/jvm/java-8-oracle/lib/amd64/jli/libjli.so
7fdaf7c96000-7fdaf7e96000 ---p 00015000 08:05 1191580                    /usr/lib/jvm/java-8-oracle/lib/amd64/jli/libjli.so
7fdaf7e96000-7fdaf7e97000 rw-p 00015000 08:05 1191580                    /usr/lib/jvm/java-8-oracle/lib/amd64/jli/libjli.so
7fdaf7e97000-7fdaf7eb0000 r-xp 00000000 08:05 937725                     /lib/x86_64-linux-gnu/libpthread-2.19.so
7fdaf7eb0000-7fdaf80af000 ---p 00019000 08:05 937725                     /lib/x86_64-linux-gnu/libpthread-2.19.so
7fdaf80af000-7fdaf80b0000 r--p 00018000 08:05 937725                     /lib/x86_64-linux-gnu/libpthread-2.19.so
7fdaf80b0000-7fdaf80b1000 rw-p 00019000 08:05 937725                     /lib/x86_64-linux-gnu/libpthread-2.19.so
7fdaf80b1000-7fdaf80b5000 rw-p 00000000 00:00 0 
7fdaf80b5000-7fdaf80d8000 r-xp 00000000 08:05 937726                     /lib/x86_64-linux-gnu/ld-2.19.so
7fdaf80d8000-7fdaf80da000 r--s 00003000 08:05 811365                     /home/okorsun/code/projects/SunRise/app/build/intermediates/exploded-aar/com.github.pedrovgs/renderers/3.0.0/jars/classes.jar
7fdaf80da000-7fdaf80dc000 r--s 0000b000 08:05 1070608                    /home/okorsun/.gradle/caches/modules-2/files-2.1/org.robolectric/robolectric-utils/3.2-SNAPSHOT/1c0f3c2b86f8d27e961cfed5795b95e4a78d80d7/robolectric-utils-3.2-SNAPSHOT.jar
7fdaf80dc000-7fdaf80de000 r--s 00009000 08:05 1070347                    /home/okorsun/.gradle/caches/modules-2/files-2.1/org.ow2.asm/asm-commons/5.0.1/7b7147a390a93a14d2edfdcf3f7b0e87a0939c3e/asm-commons-5.0.1.jar
7fdaf80de000-7fdaf80e8000 r--s 00099000 08:05 524373                     /home/okorsun/code/android-studio/gradle/m2repository/com/tunnelvisionlabs/antlr4/4.5/antlr4-4.5.jar
7fdaf80e8000-7fdaf80e9000 r--s 0000c000 08:05 1053225                    /home/okorsun/.gradle/caches/modules-2/files-2.1/org.hamcrest/hamcrest-library/1.3/4785a3c21320980282f9f33d0d1264a69040538f/hamcrest-library-1.3.jar
7fdaf80e9000-7fdaf80ea000 r--s 0000b000 08:05 1070632                    /home/okorsun/.gradle/caches/modules-2/files-2.1/org.apache.maven/maven-settings/2.2.1/2236ffe71fa5f78ce42b0f5fc22c54ed45f14294/maven-settings-2.2.1.jar
7fdaf80ea000-7fdaf80ed000 r--s 00033000 08:05 524385                     /home/okorsun/code/android-studio/gradle/m2repository/com/googlecode/juniversalchardet/juniversalchardet/1.0.3/juniversalchardet-1.0.3.jar
7fdaf80ed000-7fdaf80ef000 r--s 0000f000 08:05 1053190                    /home/okorsun/.gradle/caches/modules-2/files-2.1/com.squareup.okio/okio/1.6.0/98476622f10715998eacf9240d6b479f12c66143/okio-1.6.0.jar
7fdaf80ef000-7fdaf80f3000 r--s 0002a000 08:05 396964                     /home/okorsun/code/android-studio/gradle/m2repository/commons-io/commons-io/2.4/commons-io-2.4.jar
7fdaf80f3000-7fdaf80f5000 r--s 00007000 08:05 1070646                    /home/okorsun/.gradle/caches/modules-2/files-2.1/org.apache.maven/maven-profile/2.2.1/3950071587027e5086e9c395574a60650c432738/maven-profile-2.2.1.jar
7fdaf80f5000-7fdaf81b6000 rw-p 00000000 00:00 0 
7fdaf81b6000-7fdaf81b9000 ---p 00000000 00:00 0 
7fdaf81b9000-7fdaf82bb000 rw-p 00000000 00:00 0 
7fdaf82bb000-7fdaf82bd000 r--s 00008000 08:05 1070652                    /home/okorsun/.gradle/caches/modules-2/files-2.1/nekohtml/xercesMinimal/1.9.6.2/d1c5e063683a0e6f77cd5f051a9d4af48346fa6/xercesMinimal-1.9.6.2.jar
7fdaf82bd000-7fdaf82c5000 r--s 00049000 08:05 1070644                    /home/okorsun/.gradle/caches/modules-2/files-2.1/backport-util-concurrent/backport-util-concurrent/3.1/682f7ac17fed79e92f8e87d8455192b63376347b/backport-util-concurrent-3.1.jar
7fdaf82c5000-7fdaf82c7000 r--s 0000c000 08:05 1053151                    /home/okorsun/.gradle/caches/modules-2/files-2.1/com.jakewharton/butterknife/7.0.1/d5d13ea991eab0252e3710e5df3d6a9d4b21d461/butterknife-7.0.1.jar
7fdaf82c7000-7fdaf82c9000 r--s 00023000 08:05 396923                     /home/okorsun/code/android-studio/plugins/junit/lib/junit-rt.jar
7fdaf82c9000-7fdaf82cb000 r--s 0001e000 08:05 524605                     /home/okorsun/code/android-studio/lib/idea_rt.jar
7fdaf82cb000-7fdaf82d3000 rw-s 00000000 08:05 1071449                    /tmp/hsperfdata_okorsun/3921
7fdaf82d3000-7fdaf82d4000 rw-p 00000000 00:00 0 
7fdaf82d4000-7fdaf82d5000 ---p 00000000 00:00 0 
7fdaf82d5000-7fdaf82d7000 rw-p 00000000 00:00 0 
7fdaf82d7000-7fdaf82d8000 r--p 00022000 08:05 937726                     /lib/x86_64-linux-gnu/ld-2.19.so
7fdaf82d8000-7fdaf82d9000 rw-p 00023000 08:05 937726                     /lib/x86_64-linux-gnu/ld-2.19.so
7fdaf82d9000-7fdaf82da000 rw-p 00000000 00:00 0 
7ffe33717000-7ffe3373c000 rw-p 00000000 00:00 0                          [stack]
7ffe3377f000-7ffe33781000 r--p 00000000 00:00 0                          [vvar]
7ffe33781000-7ffe33783000 r-xp 00000000 00:00 0                          [vdso]
ffffffffff600000-ffffffffff601000 r-xp 00000000 00:00 0                  [vsyscall]

VM Arguments:
jvm_args: -ea -Didea.launcher.port=7534 -Didea.launcher.bin.path=/home/okorsun/code/android-studio/bin -Didea.junit.sm_runner -Dfile.encoding=UTF-8 
java_command: com.intellij.rt.execution.application.AppMain com.intellij.rt.execution.junit.JUnitStarter -ideVersion5 com.korsun.sunrise.engine.IntegrationWeatherManagerTest
java_class_path (initial): /home/okorsun/code/android-studio/lib/idea_rt.jar:/home/okorsun/code/android-studio/plugins/junit/lib/junit-rt.jar:/home/okorsun/Android/Sdk/platforms/android-23/data/res:/home/okorsun/code/projects/SunRise/app/build/intermediates/classes/test/debug:/home/okorsun/code/projects/SunRise/app/build/retrolambda/debug:/home/okorsun/.gradle/caches/modules-2/files-2.1/com.jakewharton/butterknife/7.0.1/d5d13ea991eab0252e3710e5df3d6a9d4b21d461/butterknife-7.0.1.jar:/home/okorsun/.gradle/caches/modules-2/files-2.1/backport-util-concurrent/backport-util-concurrent/3.1/682f7ac17fed79e92f8e87d8455192b63376347b/backport-util-concurrent-3.1.jar:/home/okorsun/.gradle/caches/modules-2/files-2.1/nekohtml/xercesMinimal/1.9.6.2/d1c5e063683a0e6f77cd5f051a9d4af48346fa6/xercesMinimal-1.9.6.2.jar:/home/okorsun/.gradle/caches/modules-2/files-2.1/org.apache.maven/maven-profile/2.2.1/3950071587027e5086e9c395574a60650c432738/maven-profile-2.2.1.jar:/home/okorsun/code/android-studio/gradle/m2repository/commons-io/commons-io/2.4/commons-io-2.4.jar:/home/okorsun/.gradle/caches/modules-2/files-2.1/com.squareup.okio/okio/1.6.0/98476622f10715998eacf9240d6b479f12c66143/okio-1.6.0.jar:/home/okorsun/code/android-studio/gradle/m2repository/com/googlecode/juniversalchardet/juniversalchardet/1.0.3/juniversalchardet-1.0.3.jar:/home/okorsun/.gradle/caches/modules-2/files-2.1/org.apache.maven/maven-settings/2.2.1/2236ffe71fa5f78ce42b0f5fc22c54ed45f14294/maven-settings-2.2.1.jar:/home/okorsun/.gradle/caches/modules-2/files-2.1/org.hamcrest/hamcrest-library/1.3/4785a3c21320980282f9f33d0d1264a69040538f/hamcrest-library-1.3.jar:/home/okorsun/code/android-studio/gradle/m2repository/com/tunnelvisionlabs/antlr4/4.5/antlr4-4.5.jar:/home/okorsun/.gradle/caches/modules-2/files-2.1/org.ow2.asm/asm-commons/5.0.1/7b7147a390a93a14d2edfdcf3f7b0e87a0939c3e/asm-commons-5.0.1.jar:/home/okorsun/.gradle/caches/modules-2/files-2.1/com.google.android.apps.common.testing.accessibility.framework/accessib
Launcher Type: SUN_STANDARD

Environment Variables:
JAVA_HOME=/usr/lib/jvm/java-8-oracle
PATH=/usr/local/sbin:/usr/local/bin:/usr/sbin:/usr/bin:/sbin:/bin:/usr/games:/usr/local/games:/usr/lib/jvm/java-8-oracle/bin:/usr/lib/jvm/java-8-oracle/db/bin:/usr/lib/jvm/java-8-oracle/jre/bin
SHELL=/bin/bash
DISPLAY=:0

Signal Handlers:
SIGSEGV: [libjvm.so+0xabca10], sa_mask[0]=11111111011111111101111111111110, sa_flags=SA_RESTART|SA_SIGINFO
SIGBUS: [libjvm.so+0xabca10], sa_mask[0]=11111111011111111101111111111110, sa_flags=SA_RESTART|SA_SIGINFO
SIGFPE: [libjvm.so+0x919a20], sa_mask[0]=11111111011111111101111111111110, sa_flags=SA_RESTART|SA_SIGINFO
SIGPIPE: [libjvm.so+0x919a20], sa_mask[0]=11111111011111111101111111111110, sa_flags=SA_RESTART|SA_SIGINFO
SIGXFSZ: [libjvm.so+0x919a20], sa_mask[0]=11111111011111111101111111111110, sa_flags=SA_RESTART|SA_SIGINFO
SIGILL: [libjvm.so+0x919a20], sa_mask[0]=11111111011111111101111111111110, sa_flags=SA_RESTART|SA_SIGINFO
SIGUSR1: SIG_DFL, sa_mask[0]=00000000000000000000000000000000, sa_flags=none
SIGUSR2: [libjvm.so+0x91b050], sa_mask[0]=00100000000000000000000000000000, sa_flags=SA_RESTART|SA_SIGINFO
SIGHUP: [libjvm.so+0x91c450], sa_mask[0]=11111111011111111101111111111110, sa_flags=SA_RESTART|SA_SIGINFO
SIGINT: [libjvm.so+0x91c450], sa_mask[0]=11111111011111111101111111111110, sa_flags=SA_RESTART|SA_SIGINFO
SIGTERM: [libjvm.so+0x91c450], sa_mask[0]=11111111011111111101111111111110, sa_flags=SA_RESTART|SA_SIGINFO
SIGQUIT: [libjvm.so+0x91c450], sa_mask[0]=11111111011111111101111111111110, sa_flags=SA_RESTART|SA_SIGINFO


---------------  S Y S T E M  ---------------

OS:DISTRIB_ID=Ubuntu
DISTRIB_RELEASE=14.04
DISTRIB_CODENAME=trusty
DISTRIB_DESCRIPTION="Ubuntu 14.04.4 LTS"

uname:Linux 4.2.0-36-generic #42~14.04.1-Ubuntu SMP Fri May 13 17:27:22 UTC 2016 x86_64
libc:glibc 2.19 NPTL 2.19 
rlimit: STACK 8192k, CORE 0k, NPROC 23165, NOFILE 4096, AS infinity
load average:4,37 1,72 0,96

/proc/meminfo:
MemTotal:        5991680 kB
MemFree:           39064 kB
MemAvailable:      75224 kB
Buffers:             512 kB
Cached:           366468 kB
SwapCached:          596 kB
Active:          4531204 kB
Inactive:        1140160 kB
Active(anon):    4524328 kB
Inactive(anon):  1131312 kB
Active(file):       6876 kB
Inactive(file):     8848 kB
Unevictable:          92 kB
Mlocked:              92 kB
SwapTotal:       4074492 kB
SwapFree:              0 kB
Dirty:               244 kB
Writeback:             0 kB
AnonPages:       5304300 kB
Mapped:            45720 kB
Shmem:            351004 kB
Slab:             110448 kB
SReclaimable:      52528 kB
SUnreclaim:        57920 kB
KernelStack:       16512 kB
PageTables:        77684 kB
NFS_Unstable:          0 kB
Bounce:                0 kB
WritebackTmp:          0 kB
CommitLimit:     7070332 kB
Committed_AS:   18127972 kB
VmallocTotal:   34359738367 kB
VmallocUsed:      382116 kB
VmallocChunk:   34358947836 kB
HardwareCorrupted:     0 kB
AnonHugePages:    700416 kB
CmaTotal:              0 kB
CmaFree:               0 kB
HugePages_Total:       0
HugePages_Free:        0
HugePages_Rsvd:        0
HugePages_Surp:        0
Hugepagesize:       2048 kB
DirectMap4k:      374364 kB
DirectMap2M:     5797888 kB
DirectMap1G:           0 kB


CPU:total 8 (4 cores per cpu, 2 threads per core) family 6 model 60 stepping 3, cmov, cx8, fxsr, mmx, sse, sse2, sse3, ssse3, sse4.1, sse4.2, popcnt, avx, avx2, aes, clmul, erms, lzcnt, ht, tsc, tscinvbit, bmi1, bmi2

/proc/cpuinfo:
processor	: 0
vendor_id	: GenuineIntel
cpu family	: 6
model		: 60
model name	: Intel(R) Core(TM) i7-4700HQ CPU @ 2.40GHz
stepping	: 3
microcode	: 0x9
cpu MHz		: 3193.875
cache size	: 6144 KB
physical id	: 0
siblings	: 8
core id		: 0
cpu cores	: 4
apicid		: 0
initial apicid	: 0
fpu		: yes
fpu_exception	: yes
cpuid level	: 13
wp		: yes
flags		: fpu vme de pse tsc msr pae mce cx8 apic sep mtrr pge mca cmov pat pse36 clflush dts acpi mmx fxsr sse sse2 ss ht tm pbe syscall nx pdpe1gb rdtscp lm constant_tsc arch_perfmon pebs bts rep_good nopl xtopology nonstop_tsc aperfmperf eagerfpu pni pclmulqdq dtes64 monitor ds_cpl vmx est tm2 ssse3 fma cx16 xtpr pdcm pcid sse4_1 sse4_2 x2apic movbe popcnt tsc_deadline_timer aes xsave avx f16c rdrand lahf_lm abm ida arat epb pln pts dtherm tpr_shadow vnmi flexpriority ept vpid fsgsbase tsc_adjust bmi1 avx2 smep bmi2 erms invpcid xsaveopt
bugs		:
bogomips	: 4788.94
clflush size	: 64
cache_alignment	: 64
address sizes	: 39 bits physical, 48 bits virtual
power management:

processor	: 1
vendor_id	: GenuineIntel
cpu family	: 6
model		: 60
model name	: Intel(R) Core(TM) i7-4700HQ CPU @ 2.40GHz
stepping	: 3
microcode	: 0x9
cpu MHz		: 3343.406
cache size	: 6144 KB
physical id	: 0
siblings	: 8
core id		: 1
cpu cores	: 4
apicid		: 2
initial apicid	: 2
fpu		: yes
fpu_exception	: yes
cpuid level	: 13
wp		: yes
flags		: fpu vme de pse tsc msr pae mce cx8 apic sep mtrr pge mca cmov pat pse36 clflush dts acpi mmx fxsr sse sse2 ss ht tm pbe syscall nx pdpe1gb rdtscp lm constant_tsc arch_perfmon pebs bts rep_good nopl xtopology nonstop_tsc aperfmperf eagerfpu pni pclmulqdq dtes64 monitor ds_cpl vmx est tm2 ssse3 fma cx16 xtpr pdcm pcid sse4_1 sse4_2 x2apic movbe popcnt tsc_deadline_timer aes xsave avx f16c rdrand lahf_lm abm ida arat epb pln pts dtherm tpr_shadow vnmi flexpriority ept vpid fsgsbase tsc_adjust bmi1 avx2 smep bmi2 erms invpcid xsaveopt
bugs		:
bogomips	: 4788.94
clflush size	: 64
cache_alignment	: 64
address sizes	: 39 bits physical, 48 bits virtual
power management:

processor	: 2
vendor_id	: GenuineIntel
cpu family	: 6
model		: 60
model name	: Intel(R) Core(TM) i7-4700HQ CPU @ 2.40GHz
stepping	: 3
microcode	: 0x9
cpu MHz		: 3251.343
cache size	: 6144 KB
physical id	: 0
siblings	: 8
core id		: 2
cpu cores	: 4
apicid		: 4
initial apicid	: 4
fpu		: yes
fpu_exception	: yes
cpuid level	: 13
wp		: yes
flags		: fpu vme de pse tsc msr pae mce cx8 apic sep mtrr pge mca cmov pat pse36 clflush dts acpi mmx fxsr sse sse2 ss ht tm pbe syscall nx pdpe1gb rdtscp lm constant_tsc arch_perfmon pebs bts rep_good nopl xtopology nonstop_tsc aperfmperf eagerfpu pni pclmulqdq dtes64 monitor ds_cpl vmx est tm2 ssse3 fma cx16 xtpr pdcm pcid sse4_1 sse4_2 x2apic movbe popcnt tsc_deadline_timer aes xsave avx f16c rdrand lahf_lm abm ida arat epb pln pts dtherm tpr_shadow vnmi flexpriority ept vpid fsgsbase tsc_adjust bmi1 avx2 smep bmi2 erms invpcid xsaveopt
bugs		:
bogomips	: 4788.94
clflush size	: 64
cache_alignment	: 64
address sizes	: 39 bits physical, 48 bits virtual
power management:

processor	: 3
vendor_id	: GenuineIntel
cpu family	: 6
model		: 60
model name	: Intel(R) Core(TM) i7-4700HQ CPU @ 2.40GHz
stepping	: 3
microcode	: 0x9
cpu MHz		: 3154.125
cache size	: 6144 KB
physical id	: 0
siblings	: 8
core id		: 3
cpu cores	: 4
apicid		: 6
initial apicid	: 6
fpu		: yes
fpu_exception	: yes
cpuid level	: 13
wp		: yes
flags		: fpu vme de pse tsc msr pae mce cx8 apic sep mtrr pge mca cmov pat pse36 clflush dts acpi mmx fxsr sse sse2 ss ht tm pbe syscall nx pdpe1gb rdtscp lm constant_tsc arch_perfmon pebs bts rep_good nopl xtopology nonstop_tsc aperfmperf eagerfpu pni pclmulqdq dtes64 monitor ds_cpl vmx est tm2 ssse3 fma cx16 xtpr pdcm pcid sse4_1 sse4_2 x2apic movbe popcnt tsc_deadline_timer aes xsave avx f16c rdrand lahf_lm abm ida arat epb pln pts dtherm tpr_shadow vnmi flexpriority ept vpid fsgsbase tsc_adjust bmi1 avx2 smep bmi2 erms invpcid xsaveopt
bugs		:
bogomips	: 4788.94
clflush size	: 64
cache_alignment	: 64
address sizes	: 39 bits physical, 48 bits virtual
power management:

processor	: 4
vendor_id	: GenuineIntel
cpu family	: 6
model		: 60
model name	: Intel(R) Core(TM) i7-4700HQ CPU @ 2.40GHz
stepping	: 3
microcode	: 0x9
cpu MHz		: 3149.156
cache size	: 6144 KB
physical id	: 0
siblings	: 8
core id		: 0
cpu cores	: 4
apicid		: 1
initial apicid	: 1
fpu		: yes
fpu_exception	: yes
cpuid level	: 13
wp		: yes
flags		: fpu vme de pse tsc msr pae mce cx8 apic sep mtrr pge mca cmov pat pse36 clflush dts acpi mmx fxsr sse sse2 ss ht tm pbe syscall nx pdpe1gb rdtscp lm constant_tsc arch_perfmon pebs bts rep_good nopl xtopology nonstop_tsc aperfmperf eagerfpu pni pclmulqdq dtes64 monitor ds_cpl vmx est tm2 ssse3 fma cx16 xtpr pdcm pcid sse4_1 sse4_2 x2apic movbe popcnt tsc_deadline_timer aes xsave avx f16c rdrand lahf_lm abm ida arat epb pln pts dtherm tpr_shadow vnmi flexpriority ept vpid fsgsbase tsc_adjust bmi1 avx2 smep bmi2 erms invpcid xsaveopt
bugs		:
bogomips	: 4788.94
clflush size	: 64
cache_alignment	: 64
address sizes	: 39 bits physical, 48 bits virtual
power management:

processor	: 5
vendor_id	: GenuineIntel
cpu family	: 6
model		: 60
model name	: Intel(R) Core(TM) i7-4700HQ CPU @ 2.40GHz
stepping	: 3
microcode	: 0x9
cpu MHz		: 3149.250
cache size	: 6144 KB
physical id	: 0
siblings	: 8
core id		: 1
cpu cores	: 4
apicid		: 3
initial apicid	: 3
fpu		: yes
fpu_exception	: yes
cpuid level	: 13
wp		: yes
flags		: fpu vme de pse tsc msr pae mce cx8 apic sep mtrr pge mca cmov pat pse36 clflush dts acpi mmx fxsr sse sse2 ss ht tm pbe syscall nx pdpe1gb rdtscp lm constant_tsc arch_perfmon pebs bts rep_good nopl xtopology nonstop_tsc aperfmperf eagerfpu pni pclmulqdq dtes64 monitor ds_cpl vmx est tm2 ssse3 fma cx16 xtpr pdcm pcid sse4_1 sse4_2 x2apic movbe popcnt tsc_deadline_timer aes xsave avx f16c rdrand lahf_lm abm ida arat epb pln pts dtherm tpr_shadow vnmi flexpriority ept vpid fsgsbase tsc_adjust bmi1 avx2 smep bmi2 erms invpcid xsaveopt
bugs		:
bogomips	: 4788.94
clflush size	: 64
cache_alignment	: 64
address sizes	: 39 bits physical, 48 bits virtual
power management:

processor	: 6
vendor_id	: GenuineIntel
cpu family	: 6
model		: 60
model name	: Intel(R) Core(TM) i7-4700HQ CPU @ 2.40GHz
stepping	: 3
microcode	: 0x9
cpu MHz		: 2940.093
cache size	: 6144 KB
physical id	: 0
siblings	: 8
core id		: 2
cpu cores	: 4
apicid		: 5
initial apicid	: 5
fpu		: yes
fpu_exception	: yes
cpuid level	: 13
wp		: yes
flags		: fpu vme de pse tsc msr pae mce cx8 apic sep mtrr pge mca cmov pat pse36 clflush dts acpi mmx fxsr sse sse2 ss ht tm pbe syscall nx pdpe1gb rdtscp lm constant_tsc arch_perfmon pebs bts rep_good nopl xtopology nonstop_tsc aperfmperf eagerfpu pni pclmulqdq dtes64 monitor ds_cpl vmx est tm2 ssse3 fma cx16 xtpr pdcm pcid sse4_1 sse4_2 x2apic movbe popcnt tsc_deadline_timer aes xsave avx f16c rdrand lahf_lm abm ida arat epb pln pts dtherm tpr_shadow vnmi flexpriority ept vpid fsgsbase tsc_adjust bmi1 avx2 smep bmi2 erms invpcid xsaveopt
bugs		:
bogomips	: 4788.94
clflush size	: 64
cache_alignment	: 64
address sizes	: 39 bits physical, 48 bits virtual
power management:

processor	: 7
vendor_id	: GenuineIntel
cpu family	: 6
model		: 60
model name	: Intel(R) Core(TM) i7-4700HQ CPU @ 2.40GHz
stepping	: 3
microcode	: 0x9
cpu MHz		: 2946.187
cache size	: 6144 KB
physical id	: 0
siblings	: 8
core id		: 3
cpu cores	: 4
apicid		: 7
initial apicid	: 7
fpu		: yes
fpu_exception	: yes
cpuid level	: 13
wp		: yes
flags		: fpu vme de pse tsc msr pae mce cx8 apic sep mtrr pge mca cmov pat pse36 clflush dts acpi mmx fxsr sse sse2 ss ht tm pbe syscall nx pdpe1gb rdtscp lm constant_tsc arch_perfmon pebs bts rep_good nopl xtopology nonstop_tsc aperfmperf eagerfpu pni pclmulqdq dtes64 monitor ds_cpl vmx est tm2 ssse3 fma cx16 xtpr pdcm pcid sse4_1 sse4_2 x2apic movbe popcnt tsc_deadline_timer aes xsave avx f16c rdrand lahf_lm abm ida arat epb pln pts dtherm tpr_shadow vnmi flexpriority ept vpid fsgsbase tsc_adjust bmi1 avx2 smep bmi2 erms invpcid xsaveopt
bugs		:
bogomips	: 4788.94
clflush size	: 64
cache_alignment	: 64
address sizes	: 39 bits physical, 48 bits virtual
power management:



Memory: 4k page, physical 5991680k(41668k free), swap 4074492k(0k free)

vm_info: Java HotSpot(TM) 64-Bit Server VM (25.91-b14) for linux-amd64 JRE (1.8.0_91-b14), built on Apr  1 2016 00:57:21 by "java_re" with gcc 4.3.0 20080428 (Red Hat 4.3.0-8)

time: Mon Aug  1 11:23:07 2016
elapsed time: 12 seconds (0d 0h 0m 12s)

